<?xml version="1.0" encoding="UTF-8"?>
<!-- Generated by org.testng.reporters.JUnitReportReporter -->
<testsuite hostname="DESKTOP-4JG1F6Q" failures="0" tests="2" name="skillspages.Loginpage" time="28.213" errors="0" timestamp="20 Jun 2019 00:16:02 GMT" skipped="0">
  <testcase classname="skillspages.Loginpage" name="ValidLogin" time="15.852"/>
  <testcase classname="skillspages.Loginpage" name="InValidLogin" time="12.361"/>
</testsuite> <!-- skillspages.Loginpage -->
