<?xml version="1.0" encoding="UTF-8"?>
<!-- Generated by org.testng.reporters.JUnitReportReporter -->
<testsuite hostname="DESKTOP-4JG1F6Q" failures="0" tests="4" name="skillspages.dataset" time="13.778" errors="0" timestamp="19 Jun 2019 02:36:47 GMT" skipped="0">
  <testcase classname="skillspages.dataset" name="skilllogin" time="0.007"/>
  <testcase classname="skillspages.dataset" name="skilllogin" time="0.002"/>
  <testcase classname="skillspages.dataset" name="startBrowser" time="13.760"/>
  <testcase classname="skillspages.dataset" name="skilllogin" time="0.009"/>
</testsuite> <!-- skillspages.dataset -->
